# JRE version: Java(TM) SE Runtime Environment (8.0_144-b01) (build 1.8.0_144-b01)
# Java VM: Java HotSpot(TM) 64-Bit Server VM (25.144-b01 mixed mode bsd-amd64 compressed oops)
Heap:
 PSYoungGen      total 106496K, used 80221K [0x0000000795580000, 0x000000079d780000, 0x00000007c0000000)
  eden space 105984K, 75% used [0x0000000795580000,0x000000079a3d7788,0x000000079bd00000)
  from space 512K, 0% used [0x000000079d700000,0x000000079d700000,0x000000079d780000)
  to   space 1024K, 0% used [0x000000079d580000,0x000000079d580000,0x000000079d680000)
 ParOldGen       total 87552K, used 78433K [0x0000000740000000, 0x0000000745580000, 0x0000000795580000)
  object space 87552K, 89% used [0x0000000740000000,0x0000000744c98480,0x0000000745580000)
 Metaspace       used 2723K, capacity 4494K, committed 4864K, reserved 1056768K
  class space    used 292K, capacity 386K, committed 512K, reserved 1048576K
GC Heap History (10 events):
Event: 2.521 GC heap before
{Heap before GC invocations=10 (full 0):
 PSYoungGen      total 128512K, used 128000K [0x0000000795580000, 0x000000079d880000, 0x00000007c0000000)
  eden space 128000K, 100% used [0x0000000795580000,0x000000079d280000,0x000000079d280000)
  from space 512K, 0% used [0x000000079d780000,0x000000079d780000,0x000000079d800000)
  to   space 512K, 0% used [0x000000079d800000,0x000000079d800000,0x000000079d880000)
 ParOldGen       total 87552K, used 78433K [0x0000000740000000, 0x0000000745580000, 0x0000000795580000)
  object space 87552K, 89% used [0x0000000740000000,0x0000000744c98480,0x0000000745580000)
 Metaspace       used 2669K, capacity 4494K, committed 4864K, reserved 1056768K
  class space    used 287K, capacity 386K, committed 512K, reserved 1048576K
Event: 2.522 GC heap after
Heap after GC invocations=10 (full 0):
 PSYoungGen      total 123904K, used 0K [0x0000000795580000, 0x000000079d880000, 0x00000007c0000000)
  eden space 123392K, 0% used [0x0000000795580000,0x0000000795580000,0x000000079ce00000)
  from space 512K, 0% used [0x000000079d800000,0x000000079d800000,0x000000079d880000)
  to   space 1024K, 0% used [0x000000079d680000,0x000000079d680000,0x000000079d780000)
 ParOldGen       total 87552K, used 78433K [0x0000000740000000, 0x0000000745580000, 0x0000000795580000)
  object space 87552K, 89% used [0x0000000740000000,0x0000000744c98480,0x0000000745580000)
 Metaspace       used 2669K, capacity 4494K, committed 4864K, reserved 1056768K
  class space    used 287K, capacity 386K, committed 512K, reserved 1048576K
}
Event: 2.744 GC heap before
{Heap before GC invocations=11 (full 0):
 PSYoungGen      total 123904K, used 123392K [0x0000000795580000, 0x000000079d880000, 0x00000007c0000000)
  eden space 123392K, 100% used [0x0000000795580000,0x000000079ce00000,0x000000079ce00000)
  from space 512K, 0% used [0x000000079d800000,0x000000079d800000,0x000000079d880000)
  to   space 1024K, 0% used [0x000000079d680000,0x000000079d680000,0x000000079d780000)
 ParOldGen       total 87552K, used 78433K [0x0000000740000000, 0x0000000745580000, 0x0000000795580000)
  object space 87552K, 89% used [0x0000000740000000,0x0000000744c98480,0x0000000745580000)
 Metaspace       used 2669K, capacity 4494K, committed 4864K, reserved 1056768K
  class space    used 287K, capacity 386K, committed 512K, reserved 1048576K
Event: 2.745 GC heap after
Heap after GC invocations=11 (full 0):
 PSYoungGen      total 119808K, used 0K [0x0000000795580000, 0x000000079d880000, 0x00000007c0000000)
  eden space 118784K, 0% used [0x0000000795580000,0x0000000795580000,0x000000079c980000)
  from space 1024K, 0% used [0x000000079d680000,0x000000079d680000,0x000000079d780000)
  to   space 1024K, 0% used [0x000000079d780000,0x000000079d780000,0x000000079d880000)
 ParOldGen       total 87552K, used 78433K [0x0000000740000000, 0x0000000745580000, 0x0000000795580000)
  object space 87552K, 89% used [0x0000000740000000,0x0000000744c98480,0x0000000745580000)
 Metaspace       used 2669K, capacity 4494K, committed 4864K, reserved 1056768K
  class space    used 287K, capacity 386K, committed 512K, reserved 1048576K
}
Event: 2.951 GC heap before
{Heap before GC invocations=12 (full 0):
 PSYoungGen      total 119808K, used 116587K [0x0000000795580000, 0x000000079d880000, 0x00000007c0000000)
  eden space 118784K, 98% used [0x0000000795580000,0x000000079c75ae90,0x000000079c980000)
  from space 1024K, 0% used [0x000000079d680000,0x000000079d680000,0x000000079d780000)
  to   space 1024K, 0% used [0x000000079d780000,0x000000079d780000,0x000000079d880000)
 ParOldGen       total 87552K, used 78433K [0x0000000740000000, 0x0000000745580000, 0x0000000795580000)
  object space 87552K, 89% used [0x0000000740000000,0x0000000744c98480,0x0000000745580000)
 Metaspace       used 2669K, capacity 4494K, committed 4864K, reserved 1056768K
  class space    used 287K, capacity 386K, committed 512K, reserved 1048576K
Event: 2.952 GC heap after
Heap after GC invocations=12 (full 0):
 PSYoungGen      total 114688K, used 0K [0x0000000795580000, 0x000000079d800000, 0x00000007c0000000)
  eden space 114176K, 0% used [0x0000000795580000,0x0000000795580000,0x000000079c500000)
  from space 512K, 0% used [0x000000079d780000,0x000000079d780000,0x000000079d800000)
  to   space 1024K, 0% used [0x000000079d600000,0x000000079d600000,0x000000079d700000)
 ParOldGen       total 87552K, used 78433K [0x0000000740000000, 0x0000000745580000, 0x0000000795580000)
  object space 87552K, 89% used [0x0000000740000000,0x0000000744c98480,0x0000000745580000)
 Metaspace       used 2669K, capacity 4494K, committed 4864K, reserved 1056768K
  class space    used 287K, capacity 386K, committed 512K, reserved 1048576K
}
Event: 3.154 GC heap before
{Heap before GC invocations=13 (full 0):
 PSYoungGen      total 114688K, used 114176K [0x0000000795580000, 0x000000079d800000, 0x00000007c0000000)
  eden space 114176K, 100% used [0x0000000795580000,0x000000079c500000,0x000000079c500000)
  from space 512K, 0% used [0x000000079d780000,0x000000079d780000,0x000000079d800000)
  to   space 1024K, 0% used [0x000000079d600000,0x000000079d600000,0x000000079d700000)
 ParOldGen       total 87552K, used 78433K [0x0000000740000000, 0x0000000745580000, 0x0000000795580000)
  object space 87552K, 89% used [0x0000000740000000,0x0000000744c98480,0x0000000745580000)
 Metaspace       used 2669K, capacity 4494K, committed 4864K, reserved 1056768K
  class space    used 287K, capacity 386K, committed 512K, reserved 1048576K
Event: 3.155 GC heap after
Heap after GC invocations=13 (full 0):
 PSYoungGen      total 111104K, used 0K [0x0000000795580000, 0x000000079d800000, 0x00000007c0000000)
  eden space 110080K, 0% used [0x0000000795580000,0x0000000795580000,0x000000079c100000)
  from space 1024K, 0% used [0x000000079d600000,0x000000079d600000,0x000000079d700000)
  to   space 1024K, 0% used [0x000000079d700000,0x000000079d700000,0x000000079d800000)
 ParOldGen       total 87552K, used 78433K [0x0000000740000000, 0x0000000745580000, 0x0000000795580000)
  object space 87552K, 89% used [0x0000000740000000,0x0000000744c98480,0x0000000745580000)
 Metaspace       used 2669K, capacity 4494K, committed 4864K, reserved 1056768K
  class space    used 287K, capacity 386K, committed 512K, reserved 1048576K
}
Event: 3.345 GC heap before
{Heap before GC invocations=14 (full 0):
 PSYoungGen      total 111104K, used 102298K [0x0000000795580000, 0x000000079d800000, 0x00000007c0000000)
  eden space 110080K, 92% used [0x0000000795580000,0x000000079b966858,0x000000079c100000)
  from space 1024K, 0% used [0x000000079d600000,0x000000079d600000,0x000000079d700000)
  to   space 1024K, 0% used [0x000000079d700000,0x000000079d700000,0x000000079d800000)
 ParOldGen       total 87552K, used 78433K [0x0000000740000000, 0x0000000745580000, 0x0000000795580000)
  object space 87552K, 89% used [0x0000000740000000,0x0000000744c98480,0x0000000745580000)
 Metaspace       used 2669K, capacity 4494K, committed 4864K, reserved 1056768K
  class space    used 287K, capacity 386K, committed 512K, reserved 1048576K
Event: 3.346 GC heap after
Heap after GC invocations=14 (full 0):
 PSYoungGen      total 106496K, used 0K [0x0000000795580000, 0x000000079d780000, 0x00000007c0000000)
  eden space 105984K, 0% used [0x0000000795580000,0x0000000795580000,0x000000079bd00000)
  from space 512K, 0% used [0x000000079d700000,0x000000079d700000,0x000000079d780000)
  to   space 1024K, 0% used [0x000000079d580000,0x000000079d580000,0x000000079d680000)
 ParOldGen       total 87552K, used 78433K [0x0000000740000000, 0x0000000745580000, 0x0000000795580000)
  object space 87552K, 89% used [0x0000000740000000,0x0000000744c98480,0x0000000745580000)
 Metaspace       used 2669K, capacity 4494K, committed 4864K, reserved 1056768K
  class space    used 287K, capacity 386K, committed 512K, reserved 1048576K
}

